<?xml version="1.0" encoding="UTF-8"?>
<!-- Generated by org.testng.reporters.JUnitReportReporter -->
<testsuite skipped="0" hostname="Hemal" name="com.amazon.AppTest" tests="1" failures="0" timestamp="24 Dec 2021 18:38:18 GMT" time="0.016" errors="0">
  <testcase name="shouldAnswerWithTrue" time="0.016" classname="com.amazon.AppTest"/>
</testsuite> <!-- com.amazon.AppTest -->
